2023-03-22 22:07:03 notice: PaginatorComponent is deprecated, use a Cake\Datasource\Pagination\NumericPaginator instance directly.
C:\xampp\htdocs\Prova\vendor\cakephp\cakephp\src\Controller\ComponentRegistry.php, line: 133
You can disable all deprecation warnings by setting `Error.errorLevel` to `E_ALL & ~E_USER_DEPRECATED`. Adding `vendor/cakephp/cakephp/src/Controller/ComponentRegistry.php` to `Error.ignoredDeprecationPaths` in your `config/app.php` config will mute deprecations from that file only.
Request URL: /articles
Trace:
deprecationWarning C:\xampp\htdocs\Prova\vendor\cakephp\cakephp\src\Core\functions.php, line 323
Cake\Controller\Component\PaginatorComponent::__construct() C:\xampp\htdocs\Prova\vendor\cakephp\cakephp\src\Controller\Component\PaginatorComponent.php, line 54
Cake\Controller\ComponentRegistry::_create() C:\xampp\htdocs\Prova\vendor\cakephp\cakephp\src\Controller\ComponentRegistry.php, line 133
Cake\Core\ObjectRegistry::load() C:\xampp\htdocs\Prova\vendor\cakephp\cakephp\src\Core\ObjectRegistry.php, line 110
Cake\Controller\Controller::loadComponent() C:\xampp\htdocs\Prova\vendor\cakephp\cakephp\src\Controller\Controller.php, line 304
App\Controller\ArticlesController::initialize() C:\xampp\htdocs\Prova\src\Controller\ArticlesController.php, line 13
Cake\Controller\Controller::__construct() C:\xampp\htdocs\Prova\vendor\cakephp\cakephp\src\Controller\Controller.php, line 229
ReflectionClass::newInstance() [internal], line ??
Cake\Controller\ControllerFactory::create() C:\xampp\htdocs\Prova\vendor\cakephp\cakephp\src\Controller\ControllerFactory.php, line 87
Cake\Http\BaseApplication::handle() C:\xampp\htdocs\Prova\vendor\cakephp\cakephp\src\Http\BaseApplication.php, line 318
Cake\Http\Runner::handle() C:\xampp\htdocs\Prova\vendor\cakephp\cakephp\src\Http\Runner.php, line 86
Cake\Http\Middleware\CsrfProtectionMiddleware::process() C:\xampp\htdocs\Prova\vendor\cakephp\cakephp\src\Http\Middleware\CsrfProtectionMiddleware.php, line 174
Cake\Http\Runner::handle() C:\xampp\htdocs\Prova\vendor\cakephp\cakephp\src\Http\Runner.php, line 82
Cake\Http\Middleware\BodyParserMiddleware::process() C:\xampp\htdocs\Prova\vendor\cakephp\cakephp\src\Http\Middleware\BodyParserMiddleware.php, line 157
Cake\Http\Runner::handle() C:\xampp\htdocs\Prova\vendor\cakephp\cakephp\src\Http\Runner.php, line 82
Cake\Routing\Middleware\RoutingMiddleware::process() C:\xampp\htdocs\Prova\vendor\cakephp\cakephp\src\Routing\Middleware\RoutingMiddleware.php, line 186
Cake\Http\Runner::handle() C:\xampp\htdocs\Prova\vendor\cakephp\cakephp\src\Http\Runner.php, line 82
Cake\Routing\Middleware\AssetMiddleware::process() C:\xampp\htdocs\Prova\vendor\cakephp\cakephp\src\Routing\Middleware\AssetMiddleware.php, line 68
Cake\Http\Runner::handle() C:\xampp\htdocs\Prova\vendor\cakephp\cakephp\src\Http\Runner.php, line 82
Cake\Error\Middleware\ErrorHandlerMiddleware::process() C:\xampp\htdocs\Prova\vendor\cakephp\cakephp\src\Error\Middleware\ErrorHandlerMiddleware.php, line 131
Cake\Http\Runner::handle() C:\xampp\htdocs\Prova\vendor\cakephp\cakephp\src\Http\Runner.php, line 82
DebugKit\Middleware\DebugKitMiddleware::process() C:\xampp\htdocs\Prova\vendor\cakephp\debug_kit\src\Middleware\DebugKitMiddleware.php, line 60
Cake\Http\Runner::handle() C:\xampp\htdocs\Prova\vendor\cakephp\cakephp\src\Http\Runner.php, line 82
Cake\Http\Runner::run() C:\xampp\htdocs\Prova\vendor\cakephp\cakephp\src\Http\Runner.php, line 67
Cake\Http\Server::run() C:\xampp\htdocs\Prova\vendor\cakephp\cakephp\src\Http\Server.php, line 90
[main] C:\xampp\htdocs\Prova\webroot\index.php, line 40

2023-03-22 22:14:27 notice: PaginatorComponent is deprecated, use a Cake\Datasource\Pagination\NumericPaginator instance directly.
C:\xampp\htdocs\Prova\vendor\cakephp\cakephp\src\Controller\ComponentRegistry.php, line: 133
You can disable all deprecation warnings by setting `Error.errorLevel` to `E_ALL & ~E_USER_DEPRECATED`. Adding `vendor/cakephp/cakephp/src/Controller/ComponentRegistry.php` to `Error.ignoredDeprecationPaths` in your `config/app.php` config will mute deprecations from that file only.
Request URL: /articles/index
Trace:
deprecationWarning C:\xampp\htdocs\Prova\vendor\cakephp\cakephp\src\Core\functions.php, line 323
Cake\Controller\Component\PaginatorComponent::__construct() C:\xampp\htdocs\Prova\vendor\cakephp\cakephp\src\Controller\Component\PaginatorComponent.php, line 54
Cake\Controller\ComponentRegistry::_create() C:\xampp\htdocs\Prova\vendor\cakephp\cakephp\src\Controller\ComponentRegistry.php, line 133
Cake\Core\ObjectRegistry::load() C:\xampp\htdocs\Prova\vendor\cakephp\cakephp\src\Core\ObjectRegistry.php, line 110
Cake\Controller\Controller::loadComponent() C:\xampp\htdocs\Prova\vendor\cakephp\cakephp\src\Controller\Controller.php, line 304
App\Controller\ArticlesController::initialize() C:\xampp\htdocs\Prova\src\Controller\ArticlesController.php, line 13
Cake\Controller\Controller::__construct() C:\xampp\htdocs\Prova\vendor\cakephp\cakephp\src\Controller\Controller.php, line 229
ReflectionClass::newInstance() [internal], line ??
Cake\Controller\ControllerFactory::create() C:\xampp\htdocs\Prova\vendor\cakephp\cakephp\src\Controller\ControllerFactory.php, line 87
Cake\Http\BaseApplication::handle() C:\xampp\htdocs\Prova\vendor\cakephp\cakephp\src\Http\BaseApplication.php, line 318
Cake\Http\Runner::handle() C:\xampp\htdocs\Prova\vendor\cakephp\cakephp\src\Http\Runner.php, line 86
Cake\Http\Middleware\CsrfProtectionMiddleware::process() C:\xampp\htdocs\Prova\vendor\cakephp\cakephp\src\Http\Middleware\CsrfProtectionMiddleware.php, line 174
Cake\Http\Runner::handle() C:\xampp\htdocs\Prova\vendor\cakephp\cakephp\src\Http\Runner.php, line 82
Cake\Http\Middleware\BodyParserMiddleware::process() C:\xampp\htdocs\Prova\vendor\cakephp\cakephp\src\Http\Middleware\BodyParserMiddleware.php, line 157
Cake\Http\Runner::handle() C:\xampp\htdocs\Prova\vendor\cakephp\cakephp\src\Http\Runner.php, line 82
Cake\Routing\Middleware\RoutingMiddleware::process() C:\xampp\htdocs\Prova\vendor\cakephp\cakephp\src\Routing\Middleware\RoutingMiddleware.php, line 186
Cake\Http\Runner::handle() C:\xampp\htdocs\Prova\vendor\cakephp\cakephp\src\Http\Runner.php, line 82
Cake\Routing\Middleware\AssetMiddleware::process() C:\xampp\htdocs\Prova\vendor\cakephp\cakephp\src\Routing\Middleware\AssetMiddleware.php, line 68
Cake\Http\Runner::handle() C:\xampp\htdocs\Prova\vendor\cakephp\cakephp\src\Http\Runner.php, line 82
Cake\Error\Middleware\ErrorHandlerMiddleware::process() C:\xampp\htdocs\Prova\vendor\cakephp\cakephp\src\Error\Middleware\ErrorHandlerMiddleware.php, line 131
Cake\Http\Runner::handle() C:\xampp\htdocs\Prova\vendor\cakephp\cakephp\src\Http\Runner.php, line 82
DebugKit\Middleware\DebugKitMiddleware::process() C:\xampp\htdocs\Prova\vendor\cakephp\debug_kit\src\Middleware\DebugKitMiddleware.php, line 60
Cake\Http\Runner::handle() C:\xampp\htdocs\Prova\vendor\cakephp\cakephp\src\Http\Runner.php, line 82
Cake\Http\Runner::run() C:\xampp\htdocs\Prova\vendor\cakephp\cakephp\src\Http\Runner.php, line 67
Cake\Http\Server::run() C:\xampp\htdocs\Prova\vendor\cakephp\cakephp\src\Http\Server.php, line 90
[main] C:\xampp\htdocs\Prova\webroot\index.php, line 40

2023-03-22 22:19:06 notice: PaginatorComponent is deprecated, use a Cake\Datasource\Pagination\NumericPaginator instance directly.
C:\xampp\htdocs\Prova\vendor\cakephp\cakephp\src\Controller\ComponentRegistry.php, line: 133
You can disable all deprecation warnings by setting `Error.errorLevel` to `E_ALL & ~E_USER_DEPRECATED`. Adding `vendor/cakephp/cakephp/src/Controller/ComponentRegistry.php` to `Error.ignoredDeprecationPaths` in your `config/app.php` config will mute deprecations from that file only.
Request URL: /articles/index
Trace:
deprecationWarning C:\xampp\htdocs\Prova\vendor\cakephp\cakephp\src\Core\functions.php, line 323
Cake\Controller\Component\PaginatorComponent::__construct() C:\xampp\htdocs\Prova\vendor\cakephp\cakephp\src\Controller\Component\PaginatorComponent.php, line 54
Cake\Controller\ComponentRegistry::_create() C:\xampp\htdocs\Prova\vendor\cakephp\cakephp\src\Controller\ComponentRegistry.php, line 133
Cake\Core\ObjectRegistry::load() C:\xampp\htdocs\Prova\vendor\cakephp\cakephp\src\Core\ObjectRegistry.php, line 110
Cake\Controller\Controller::loadComponent() C:\xampp\htdocs\Prova\vendor\cakephp\cakephp\src\Controller\Controller.php, line 304
App\Controller\ArticlesController::initialize() C:\xampp\htdocs\Prova\src\Controller\ArticlesController.php, line 13
Cake\Controller\Controller::__construct() C:\xampp\htdocs\Prova\vendor\cakephp\cakephp\src\Controller\Controller.php, line 229
ReflectionClass::newInstance() [internal], line ??
Cake\Controller\ControllerFactory::create() C:\xampp\htdocs\Prova\vendor\cakephp\cakephp\src\Controller\ControllerFactory.php, line 87
Cake\Http\BaseApplication::handle() C:\xampp\htdocs\Prova\vendor\cakephp\cakephp\src\Http\BaseApplication.php, line 318
Cake\Http\Runner::handle() C:\xampp\htdocs\Prova\vendor\cakephp\cakephp\src\Http\Runner.php, line 86
Cake\Http\Middleware\CsrfProtectionMiddleware::process() C:\xampp\htdocs\Prova\vendor\cakephp\cakephp\src\Http\Middleware\CsrfProtectionMiddleware.php, line 174
Cake\Http\Runner::handle() C:\xampp\htdocs\Prova\vendor\cakephp\cakephp\src\Http\Runner.php, line 82
Cake\Http\Middleware\BodyParserMiddleware::process() C:\xampp\htdocs\Prova\vendor\cakephp\cakephp\src\Http\Middleware\BodyParserMiddleware.php, line 157
Cake\Http\Runner::handle() C:\xampp\htdocs\Prova\vendor\cakephp\cakephp\src\Http\Runner.php, line 82
Cake\Routing\Middleware\RoutingMiddleware::process() C:\xampp\htdocs\Prova\vendor\cakephp\cakephp\src\Routing\Middleware\RoutingMiddleware.php, line 186
Cake\Http\Runner::handle() C:\xampp\htdocs\Prova\vendor\cakephp\cakephp\src\Http\Runner.php, line 82
Cake\Routing\Middleware\AssetMiddleware::process() C:\xampp\htdocs\Prova\vendor\cakephp\cakephp\src\Routing\Middleware\AssetMiddleware.php, line 68
Cake\Http\Runner::handle() C:\xampp\htdocs\Prova\vendor\cakephp\cakephp\src\Http\Runner.php, line 82
Cake\Error\Middleware\ErrorHandlerMiddleware::process() C:\xampp\htdocs\Prova\vendor\cakephp\cakephp\src\Error\Middleware\ErrorHandlerMiddleware.php, line 131
Cake\Http\Runner::handle() C:\xampp\htdocs\Prova\vendor\cakephp\cakephp\src\Http\Runner.php, line 82
DebugKit\Middleware\DebugKitMiddleware::process() C:\xampp\htdocs\Prova\vendor\cakephp\debug_kit\src\Middleware\DebugKitMiddleware.php, line 60
Cake\Http\Runner::handle() C:\xampp\htdocs\Prova\vendor\cakephp\cakephp\src\Http\Runner.php, line 82
Cake\Http\Runner::run() C:\xampp\htdocs\Prova\vendor\cakephp\cakephp\src\Http\Runner.php, line 67
Cake\Http\Server::run() C:\xampp\htdocs\Prova\vendor\cakephp\cakephp\src\Http\Server.php, line 90
[main] C:\xampp\htdocs\Prova\webroot\index.php, line 40

2023-03-22 22:19:26 notice: PaginatorComponent is deprecated, use a Cake\Datasource\Pagination\NumericPaginator instance directly.
C:\xampp\htdocs\Prova\vendor\cakephp\cakephp\src\Controller\ComponentRegistry.php, line: 133
You can disable all deprecation warnings by setting `Error.errorLevel` to `E_ALL & ~E_USER_DEPRECATED`. Adding `vendor/cakephp/cakephp/src/Controller/ComponentRegistry.php` to `Error.ignoredDeprecationPaths` in your `config/app.php` config will mute deprecations from that file only.
Request URL: /articles/index/1
Trace:
deprecationWarning C:\xampp\htdocs\Prova\vendor\cakephp\cakephp\src\Core\functions.php, line 323
Cake\Controller\Component\PaginatorComponent::__construct() C:\xampp\htdocs\Prova\vendor\cakephp\cakephp\src\Controller\Component\PaginatorComponent.php, line 54
Cake\Controller\ComponentRegistry::_create() C:\xampp\htdocs\Prova\vendor\cakephp\cakephp\src\Controller\ComponentRegistry.php, line 133
Cake\Core\ObjectRegistry::load() C:\xampp\htdocs\Prova\vendor\cakephp\cakephp\src\Core\ObjectRegistry.php, line 110
Cake\Controller\Controller::loadComponent() C:\xampp\htdocs\Prova\vendor\cakephp\cakephp\src\Controller\Controller.php, line 304
App\Controller\ArticlesController::initialize() C:\xampp\htdocs\Prova\src\Controller\ArticlesController.php, line 13
Cake\Controller\Controller::__construct() C:\xampp\htdocs\Prova\vendor\cakephp\cakephp\src\Controller\Controller.php, line 229
ReflectionClass::newInstance() [internal], line ??
Cake\Controller\ControllerFactory::create() C:\xampp\htdocs\Prova\vendor\cakephp\cakephp\src\Controller\ControllerFactory.php, line 87
Cake\Http\BaseApplication::handle() C:\xampp\htdocs\Prova\vendor\cakephp\cakephp\src\Http\BaseApplication.php, line 318
Cake\Http\Runner::handle() C:\xampp\htdocs\Prova\vendor\cakephp\cakephp\src\Http\Runner.php, line 86
Cake\Http\Middleware\CsrfProtectionMiddleware::process() C:\xampp\htdocs\Prova\vendor\cakephp\cakephp\src\Http\Middleware\CsrfProtectionMiddleware.php, line 174
Cake\Http\Runner::handle() C:\xampp\htdocs\Prova\vendor\cakephp\cakephp\src\Http\Runner.php, line 82
Cake\Http\Middleware\BodyParserMiddleware::process() C:\xampp\htdocs\Prova\vendor\cakephp\cakephp\src\Http\Middleware\BodyParserMiddleware.php, line 157
Cake\Http\Runner::handle() C:\xampp\htdocs\Prova\vendor\cakephp\cakephp\src\Http\Runner.php, line 82
Cake\Routing\Middleware\RoutingMiddleware::process() C:\xampp\htdocs\Prova\vendor\cakephp\cakephp\src\Routing\Middleware\RoutingMiddleware.php, line 186
Cake\Http\Runner::handle() C:\xampp\htdocs\Prova\vendor\cakephp\cakephp\src\Http\Runner.php, line 82
Cake\Routing\Middleware\AssetMiddleware::process() C:\xampp\htdocs\Prova\vendor\cakephp\cakephp\src\Routing\Middleware\AssetMiddleware.php, line 68
Cake\Http\Runner::handle() C:\xampp\htdocs\Prova\vendor\cakephp\cakephp\src\Http\Runner.php, line 82
Cake\Error\Middleware\ErrorHandlerMiddleware::process() C:\xampp\htdocs\Prova\vendor\cakephp\cakephp\src\Error\Middleware\ErrorHandlerMiddleware.php, line 131
Cake\Http\Runner::handle() C:\xampp\htdocs\Prova\vendor\cakephp\cakephp\src\Http\Runner.php, line 82
DebugKit\Middleware\DebugKitMiddleware::process() C:\xampp\htdocs\Prova\vendor\cakephp\debug_kit\src\Middleware\DebugKitMiddleware.php, line 60
Cake\Http\Runner::handle() C:\xampp\htdocs\Prova\vendor\cakephp\cakephp\src\Http\Runner.php, line 82
Cake\Http\Runner::run() C:\xampp\htdocs\Prova\vendor\cakephp\cakephp\src\Http\Runner.php, line 67
Cake\Http\Server::run() C:\xampp\htdocs\Prova\vendor\cakephp\cakephp\src\Http\Server.php, line 90
[main] C:\xampp\htdocs\Prova\webroot\index.php, line 40

2023-03-22 22:37:02 notice: PaginatorComponent is deprecated, use a Cake\Datasource\Pagination\NumericPaginator instance directly.
C:\xampp\htdocs\Prova\vendor\cakephp\cakephp\src\Controller\ComponentRegistry.php, line: 133
You can disable all deprecation warnings by setting `Error.errorLevel` to `E_ALL & ~E_USER_DEPRECATED`. Adding `vendor/cakephp/cakephp/src/Controller/ComponentRegistry.php` to `Error.ignoredDeprecationPaths` in your `config/app.php` config will mute deprecations from that file only.
Request URL: /articles/index
Trace:
deprecationWarning C:\xampp\htdocs\Prova\vendor\cakephp\cakephp\src\Core\functions.php, line 323
Cake\Controller\Component\PaginatorComponent::__construct() C:\xampp\htdocs\Prova\vendor\cakephp\cakephp\src\Controller\Component\PaginatorComponent.php, line 54
Cake\Controller\ComponentRegistry::_create() C:\xampp\htdocs\Prova\vendor\cakephp\cakephp\src\Controller\ComponentRegistry.php, line 133
Cake\Core\ObjectRegistry::load() C:\xampp\htdocs\Prova\vendor\cakephp\cakephp\src\Core\ObjectRegistry.php, line 110
Cake\Controller\Controller::loadComponent() C:\xampp\htdocs\Prova\vendor\cakephp\cakephp\src\Controller\Controller.php, line 304
App\Controller\ArticlesController::initialize() C:\xampp\htdocs\Prova\src\Controller\ArticlesController.php, line 13
Cake\Controller\Controller::__construct() C:\xampp\htdocs\Prova\vendor\cakephp\cakephp\src\Controller\Controller.php, line 229
ReflectionClass::newInstance() [internal], line ??
Cake\Controller\ControllerFactory::create() C:\xampp\htdocs\Prova\vendor\cakephp\cakephp\src\Controller\ControllerFactory.php, line 87
Cake\Http\BaseApplication::handle() C:\xampp\htdocs\Prova\vendor\cakephp\cakephp\src\Http\BaseApplication.php, line 318
Cake\Http\Runner::handle() C:\xampp\htdocs\Prova\vendor\cakephp\cakephp\src\Http\Runner.php, line 86
Cake\Http\Middleware\CsrfProtectionMiddleware::process() C:\xampp\htdocs\Prova\vendor\cakephp\cakephp\src\Http\Middleware\CsrfProtectionMiddleware.php, line 174
Cake\Http\Runner::handle() C:\xampp\htdocs\Prova\vendor\cakephp\cakephp\src\Http\Runner.php, line 82
Cake\Http\Middleware\BodyParserMiddleware::process() C:\xampp\htdocs\Prova\vendor\cakephp\cakephp\src\Http\Middleware\BodyParserMiddleware.php, line 157
Cake\Http\Runner::handle() C:\xampp\htdocs\Prova\vendor\cakephp\cakephp\src\Http\Runner.php, line 82
Cake\Routing\Middleware\RoutingMiddleware::process() C:\xampp\htdocs\Prova\vendor\cakephp\cakephp\src\Routing\Middleware\RoutingMiddleware.php, line 186
Cake\Http\Runner::handle() C:\xampp\htdocs\Prova\vendor\cakephp\cakephp\src\Http\Runner.php, line 82
Cake\Routing\Middleware\AssetMiddleware::process() C:\xampp\htdocs\Prova\vendor\cakephp\cakephp\src\Routing\Middleware\AssetMiddleware.php, line 68
Cake\Http\Runner::handle() C:\xampp\htdocs\Prova\vendor\cakephp\cakephp\src\Http\Runner.php, line 82
Cake\Error\Middleware\ErrorHandlerMiddleware::process() C:\xampp\htdocs\Prova\vendor\cakephp\cakephp\src\Error\Middleware\ErrorHandlerMiddleware.php, line 131
Cake\Http\Runner::handle() C:\xampp\htdocs\Prova\vendor\cakephp\cakephp\src\Http\Runner.php, line 82
DebugKit\Middleware\DebugKitMiddleware::process() C:\xampp\htdocs\Prova\vendor\cakephp\debug_kit\src\Middleware\DebugKitMiddleware.php, line 60
Cake\Http\Runner::handle() C:\xampp\htdocs\Prova\vendor\cakephp\cakephp\src\Http\Runner.php, line 82
Cake\Http\Runner::run() C:\xampp\htdocs\Prova\vendor\cakephp\cakephp\src\Http\Runner.php, line 67
Cake\Http\Server::run() C:\xampp\htdocs\Prova\vendor\cakephp\cakephp\src\Http\Server.php, line 90
[main] C:\xampp\htdocs\Prova\webroot\index.php, line 40

2023-03-22 22:53:42 notice: PaginatorComponent is deprecated, use a Cake\Datasource\Pagination\NumericPaginator instance directly.
C:\xampp\htdocs\Prova\vendor\cakephp\cakephp\src\Controller\ComponentRegistry.php, line: 133
You can disable all deprecation warnings by setting `Error.errorLevel` to `E_ALL & ~E_USER_DEPRECATED`. Adding `vendor/cakephp/cakephp/src/Controller/ComponentRegistry.php` to `Error.ignoredDeprecationPaths` in your `config/app.php` config will mute deprecations from that file only.
Request URL: /articles/view
Trace:
deprecationWarning C:\xampp\htdocs\Prova\vendor\cakephp\cakephp\src\Core\functions.php, line 323
Cake\Controller\Component\PaginatorComponent::__construct() C:\xampp\htdocs\Prova\vendor\cakephp\cakephp\src\Controller\Component\PaginatorComponent.php, line 54
Cake\Controller\ComponentRegistry::_create() C:\xampp\htdocs\Prova\vendor\cakephp\cakephp\src\Controller\ComponentRegistry.php, line 133
Cake\Core\ObjectRegistry::load() C:\xampp\htdocs\Prova\vendor\cakephp\cakephp\src\Core\ObjectRegistry.php, line 110
Cake\Controller\Controller::loadComponent() C:\xampp\htdocs\Prova\vendor\cakephp\cakephp\src\Controller\Controller.php, line 304
App\Controller\ArticlesController::initialize() C:\xampp\htdocs\Prova\src\Controller\ArticlesController.php, line 13
Cake\Controller\Controller::__construct() C:\xampp\htdocs\Prova\vendor\cakephp\cakephp\src\Controller\Controller.php, line 229
ReflectionClass::newInstance() [internal], line ??
Cake\Controller\ControllerFactory::create() C:\xampp\htdocs\Prova\vendor\cakephp\cakephp\src\Controller\ControllerFactory.php, line 87
Cake\Http\BaseApplication::handle() C:\xampp\htdocs\Prova\vendor\cakephp\cakephp\src\Http\BaseApplication.php, line 318
Cake\Http\Runner::handle() C:\xampp\htdocs\Prova\vendor\cakephp\cakephp\src\Http\Runner.php, line 86
Cake\Http\Middleware\CsrfProtectionMiddleware::process() C:\xampp\htdocs\Prova\vendor\cakephp\cakephp\src\Http\Middleware\CsrfProtectionMiddleware.php, line 174
Cake\Http\Runner::handle() C:\xampp\htdocs\Prova\vendor\cakephp\cakephp\src\Http\Runner.php, line 82
Cake\Http\Middleware\BodyParserMiddleware::process() C:\xampp\htdocs\Prova\vendor\cakephp\cakephp\src\Http\Middleware\BodyParserMiddleware.php, line 157
Cake\Http\Runner::handle() C:\xampp\htdocs\Prova\vendor\cakephp\cakephp\src\Http\Runner.php, line 82
Cake\Routing\Middleware\RoutingMiddleware::process() C:\xampp\htdocs\Prova\vendor\cakephp\cakephp\src\Routing\Middleware\RoutingMiddleware.php, line 186
Cake\Http\Runner::handle() C:\xampp\htdocs\Prova\vendor\cakephp\cakephp\src\Http\Runner.php, line 82
Cake\Routing\Middleware\AssetMiddleware::process() C:\xampp\htdocs\Prova\vendor\cakephp\cakephp\src\Routing\Middleware\AssetMiddleware.php, line 68
Cake\Http\Runner::handle() C:\xampp\htdocs\Prova\vendor\cakephp\cakephp\src\Http\Runner.php, line 82
Cake\Error\Middleware\ErrorHandlerMiddleware::process() C:\xampp\htdocs\Prova\vendor\cakephp\cakephp\src\Error\Middleware\ErrorHandlerMiddleware.php, line 131
Cake\Http\Runner::handle() C:\xampp\htdocs\Prova\vendor\cakephp\cakephp\src\Http\Runner.php, line 82
DebugKit\Middleware\DebugKitMiddleware::process() C:\xampp\htdocs\Prova\vendor\cakephp\debug_kit\src\Middleware\DebugKitMiddleware.php, line 60
Cake\Http\Runner::handle() C:\xampp\htdocs\Prova\vendor\cakephp\cakephp\src\Http\Runner.php, line 82
Cake\Http\Runner::run() C:\xampp\htdocs\Prova\vendor\cakephp\cakephp\src\Http\Runner.php, line 67
Cake\Http\Server::run() C:\xampp\htdocs\Prova\vendor\cakephp\cakephp\src\Http\Server.php, line 90
[main] C:\xampp\htdocs\Prova\webroot\index.php, line 40

2023-03-22 23:03:35 notice: PaginatorComponent is deprecated, use a Cake\Datasource\Pagination\NumericPaginator instance directly.
C:\xampp\htdocs\Prova\vendor\cakephp\cakephp\src\Controller\ComponentRegistry.php, line: 133
You can disable all deprecation warnings by setting `Error.errorLevel` to `E_ALL & ~E_USER_DEPRECATED`. Adding `vendor/cakephp/cakephp/src/Controller/ComponentRegistry.php` to `Error.ignoredDeprecationPaths` in your `config/app.php` config will mute deprecations from that file only.
Request URL: /articles/tagged
Trace:
deprecationWarning C:\xampp\htdocs\Prova\vendor\cakephp\cakephp\src\Core\functions.php, line 323
Cake\Controller\Component\PaginatorComponent::__construct() C:\xampp\htdocs\Prova\vendor\cakephp\cakephp\src\Controller\Component\PaginatorComponent.php, line 54
Cake\Controller\ComponentRegistry::_create() C:\xampp\htdocs\Prova\vendor\cakephp\cakephp\src\Controller\ComponentRegistry.php, line 133
Cake\Core\ObjectRegistry::load() C:\xampp\htdocs\Prova\vendor\cakephp\cakephp\src\Core\ObjectRegistry.php, line 110
Cake\Controller\Controller::loadComponent() C:\xampp\htdocs\Prova\vendor\cakephp\cakephp\src\Controller\Controller.php, line 304
App\Controller\ArticlesController::initialize() C:\xampp\htdocs\Prova\src\Controller\ArticlesController.php, line 13
Cake\Controller\Controller::__construct() C:\xampp\htdocs\Prova\vendor\cakephp\cakephp\src\Controller\Controller.php, line 229
ReflectionClass::newInstance() [internal], line ??
Cake\Controller\ControllerFactory::create() C:\xampp\htdocs\Prova\vendor\cakephp\cakephp\src\Controller\ControllerFactory.php, line 87
Cake\Http\BaseApplication::handle() C:\xampp\htdocs\Prova\vendor\cakephp\cakephp\src\Http\BaseApplication.php, line 318
Cake\Http\Runner::handle() C:\xampp\htdocs\Prova\vendor\cakephp\cakephp\src\Http\Runner.php, line 86
Cake\Http\Middleware\CsrfProtectionMiddleware::process() C:\xampp\htdocs\Prova\vendor\cakephp\cakephp\src\Http\Middleware\CsrfProtectionMiddleware.php, line 174
Cake\Http\Runner::handle() C:\xampp\htdocs\Prova\vendor\cakephp\cakephp\src\Http\Runner.php, line 82
Cake\Http\Middleware\BodyParserMiddleware::process() C:\xampp\htdocs\Prova\vendor\cakephp\cakephp\src\Http\Middleware\BodyParserMiddleware.php, line 157
Cake\Http\Runner::handle() C:\xampp\htdocs\Prova\vendor\cakephp\cakephp\src\Http\Runner.php, line 82
Cake\Routing\Middleware\RoutingMiddleware::process() C:\xampp\htdocs\Prova\vendor\cakephp\cakephp\src\Routing\Middleware\RoutingMiddleware.php, line 186
Cake\Http\Runner::handle() C:\xampp\htdocs\Prova\vendor\cakephp\cakephp\src\Http\Runner.php, line 82
Cake\Routing\Middleware\AssetMiddleware::process() C:\xampp\htdocs\Prova\vendor\cakephp\cakephp\src\Routing\Middleware\AssetMiddleware.php, line 68
Cake\Http\Runner::handle() C:\xampp\htdocs\Prova\vendor\cakephp\cakephp\src\Http\Runner.php, line 82
Cake\Error\Middleware\ErrorHandlerMiddleware::process() C:\xampp\htdocs\Prova\vendor\cakephp\cakephp\src\Error\Middleware\ErrorHandlerMiddleware.php, line 131
Cake\Http\Runner::handle() C:\xampp\htdocs\Prova\vendor\cakephp\cakephp\src\Http\Runner.php, line 82
DebugKit\Middleware\DebugKitMiddleware::process() C:\xampp\htdocs\Prova\vendor\cakephp\debug_kit\src\Middleware\DebugKitMiddleware.php, line 60
Cake\Http\Runner::handle() C:\xampp\htdocs\Prova\vendor\cakephp\cakephp\src\Http\Runner.php, line 82
Cake\Http\Runner::run() C:\xampp\htdocs\Prova\vendor\cakephp\cakephp\src\Http\Runner.php, line 67
Cake\Http\Server::run() C:\xampp\htdocs\Prova\vendor\cakephp\cakephp\src\Http\Server.php, line 90
[main] C:\xampp\htdocs\Prova\webroot\index.php, line 40

